Assembler report for vic20
Sun Dec 21 18:20:46 2008
Quartus II Version 7.1 Build 156 04/30/2007 SJ Web Edition


---------------------
; Table of Contents ;
---------------------
  1. Legal Notice
  2. Assembler Summary
  3. Assembler Settings
  4. Assembler Generated Files
  5. Assembler Device Options: C:/Documents and Settings/Fador/Desktop/koodi/c64/vic20/projekti/vic20.sof
  6. Assembler Device Options: C:/Documents and Settings/Fador/Desktop/koodi/c64/vic20/projekti/vic20.pof
  7. Assembler Messages



----------------
; Legal Notice ;
----------------
Copyright (C) 1991-2007 Altera Corporation
Your use of Altera Corporation's design tools, logic functions 
and other software and tools, and its AMPP partner logic 
functions, and any output files from any of the foregoing 
(including device programming or simulation files), and any 
associated documentation or information are expressly subject 
to the terms and conditions of the Altera Program License 
Subscription Agreement, Altera MegaCore Function License 
Agreement, or other applicable license agreement, including, 
without limitation, that your use is for the sole purpose of 
programming logic devices manufactured by Altera and sold by 
Altera or its authorized distributors.  Please refer to the 
applicable agreement for further details.



+---------------------------------------------------------------+
; Assembler Summary                                             ;
+-----------------------+---------------------------------------+
; Assembler Status      ; Successful - Sun Dec 21 18:20:46 2008 ;
; Revision Name         ; vic20                                 ;
; Top-level Entity Name ; toplevel                              ;
; Family                ; Cyclone II                            ;
; Device                ; EP2C35F672C6                          ;
+-----------------------+---------------------------------------+


+--------------------------------------------------------------------------------------------------------+
; Assembler Settings                                                                                     ;
+-----------------------------------------------------------------------------+----------+---------------+
; Option                                                                      ; Setting  ; Default Value ;
+-----------------------------------------------------------------------------+----------+---------------+
; Use smart compilation                                                       ; On       ; Off           ;
; Generate Serial Vector Format File (.svf) for Target Device                 ; Off      ; Off           ;
; Generate a JEDEC STAPL Format File (.jam) for Target Device                 ; Off      ; Off           ;
; Generate a compressed Jam STAPL Byte Code 2.0 File (.jbc) for Target Device ; Off      ; Off           ;
; Generate a compressed Jam STAPL Byte Code 2.0 File (.jbc) for Target Device ; On       ; On            ;
; Generate compressed bitstreams                                              ; On       ; On            ;
; Compression mode                                                            ; Off      ; Off           ;
; Clock source for configuration device                                       ; Internal ; Internal      ;
; Clock frequency of the configuration device                                 ; 10 MHZ   ; 10 MHz        ;
; Divide clock frequency by                                                   ; 1        ; 1             ;
; JTAG user code for target device                                            ; Ffffffff ; Ffffffff      ;
; Auto user code                                                              ; Off      ; Off           ;
; Configuration device                                                        ; Auto     ; Auto          ;
; JTAG user code for configuration device                                     ; Ffffffff ; Ffffffff      ;
; Configuration device auto user code                                         ; Off      ; Off           ;
; Generate Tabular Text File (.ttf) For Target Device                         ; Off      ; Off           ;
; Generate Raw Binary File (.rbf) For Target Device                           ; Off      ; Off           ;
; Generate Hexadecimal (Intel-Format) Output File (.hexout) for Target Device ; Off      ; Off           ;
; Hexadecimal Output File start address                                       ; 0        ; 0             ;
; Hexadecimal Output File count direction                                     ; Up       ; Up            ;
; Release clears before tri-states                                            ; Off      ; Off           ;
; Auto-restart configuration after error                                      ; On       ; On            ;
; Maintain Compatibility with All Cyclone II M4K Versions                     ; On       ; On            ;
+-----------------------------------------------------------------------------+----------+---------------+


+----------------------------------------------------------------------------+
; Assembler Generated Files                                                  ;
+----------------------------------------------------------------------------+
; File Name                                                                  ;
+----------------------------------------------------------------------------+
; C:/Documents and Settings/Fador/Desktop/koodi/c64/vic20/projekti/vic20.sof ;
; C:/Documents and Settings/Fador/Desktop/koodi/c64/vic20/projekti/vic20.pof ;
+----------------------------------------------------------------------------+


+------------------------------------------------------------------------------------------------------+
; Assembler Device Options: C:/Documents and Settings/Fador/Desktop/koodi/c64/vic20/projekti/vic20.sof ;
+----------------+-------------------------------------------------------------------------------------+
; Option         ; Setting                                                                             ;
+----------------+-------------------------------------------------------------------------------------+
; Device         ; EP2C35F672C6                                                                        ;
; JTAG usercode  ; 0xFFFFFFFF                                                                          ;
; Checksum       ; 0x00780585                                                                          ;
+----------------+-------------------------------------------------------------------------------------+


+------------------------------------------------------------------------------------------------------+
; Assembler Device Options: C:/Documents and Settings/Fador/Desktop/koodi/c64/vic20/projekti/vic20.pof ;
+--------------------+---------------------------------------------------------------------------------+
; Option             ; Setting                                                                         ;
+--------------------+---------------------------------------------------------------------------------+
; Device             ; EPCS16                                                                          ;
; JTAG usercode      ; 0x00000000                                                                      ;
; Checksum           ; 0x1BF7CAD7                                                                      ;
; Compression Ratio  ; 2                                                                               ;
+--------------------+---------------------------------------------------------------------------------+


+--------------------+
; Assembler Messages ;
+--------------------+
Info: *******************************************************************
Info: Running Quartus II Assembler
    Info: Version 7.1 Build 156 04/30/2007 SJ Web Edition
    Info: Processing started: Sun Dec 21 18:20:34 2008
Info: Command: quartus_asm --read_settings_files=off --write_settings_files=off vic20 -c vic20
Info: Parallel compilation will use up to 4 processor(s)
Info: Writing out detailed assembly data for power analysis
Info: Assembler is generating device programming files
Info: Parallel compilation was enabled and used up to 1 processor(s) on your system out of a possible 4 processor(s) allowed
    Info: 100% of process time was spent using 1 processor
Info: Quartus II Assembler was successful. 0 errors, 0 warnings
    Info: Allocated 193 megabytes of memory during processing
    Info: Processing ended: Sun Dec 21 18:20:46 2008
    Info: Elapsed time: 00:00:12


