Flow report for vic20
Sun Dec 21 18:20:48 2008
Quartus II Version 7.1 Build 156 04/30/2007 SJ Web Edition


---------------------
; Table of Contents ;
---------------------
  1. Legal Notice
  2. Flow Summary
  3. Flow Settings
  4. Flow Non-Default Global Settings
  5. Flow Elapsed Time
  6. Flow Log



----------------
; Legal Notice ;
----------------
Copyright (C) 1991-2007 Altera Corporation
Your use of Altera Corporation's design tools, logic functions 
and other software and tools, and its AMPP partner logic 
functions, and any output files from any of the foregoing 
(including device programming or simulation files), and any 
associated documentation or information are expressly subject 
to the terms and conditions of the Altera Program License 
Subscription Agreement, Altera MegaCore Function License 
Agreement, or other applicable license agreement, including, 
without limitation, that your use is for the sole purpose of 
programming logic devices manufactured by Altera and sold by 
Altera or its authorized distributors.  Please refer to the 
applicable agreement for further details.



+------------------------------------------------------------------------------+
; Flow Summary                                                                 ;
+------------------------------------+-----------------------------------------+
; Flow Status                        ; Successful - Sun Dec 21 18:20:48 2008   ;
; Quartus II Version                 ; 7.1 Build 156 04/30/2007 SJ Web Edition ;
; Revision Name                      ; vic20                                   ;
; Top-level Entity Name              ; toplevel                                ;
; Family                             ; Cyclone II                              ;
; Device                             ; EP2C35F672C6                            ;
; Timing Models                      ; Final                                   ;
; Met timing requirements            ; Yes                                     ;
; Total logic elements               ; 2,350 / 33,216 ( 7 % )                  ;
;     Total combinational functions  ; 2,196 / 33,216 ( 7 % )                  ;
;     Dedicated logic registers      ; 1,109 / 33,216 ( 3 % )                  ;
; Total registers                    ; 1109                                    ;
; Total pins                         ; 79 / 475 ( 17 % )                       ;
; Total virtual pins                 ; 0                                       ;
; Total memory bits                  ; 238,128 / 483,840 ( 49 % )              ;
; Embedded Multiplier 9-bit elements ; 0 / 70 ( 0 % )                          ;
; Total PLLs                         ; 1 / 4 ( 25 % )                          ;
+------------------------------------+-----------------------------------------+


+-----------------------------------------+
; Flow Settings                           ;
+-------------------+---------------------+
; Option            ; Setting             ;
+-------------------+---------------------+
; Start date & time ; 12/21/2008 18:19:39 ;
; Main task         ; Compilation         ;
; Revision Name     ; vic20               ;
+-------------------+---------------------+


+------------------------------------------------------------------------------------------------------------------+
; Flow Non-Default Global Settings                                                                                 ;
+-------------------------------+---------------------------------------+---------------+-------------+------------+
; Assignment Name               ; Value                                 ; Default Value ; Entity Name ; Section Id ;
+-------------------------------+---------------------------------------+---------------+-------------+------------+
; NUM_PARALLEL_PROCESSORS       ; 4                                     ; 1             ; --          ; --         ;
; PARTITION_NETLIST_TYPE        ; SOURCE                                ; --            ; toplevel    ; Top        ;
; POWER_BOARD_THERMAL_MODEL     ; None (CONSERVATIVE)                   ; --            ; --          ; --         ;
; POWER_PRESET_COOLING_SOLUTION ; 23 MM HEAT SINK WITH 200 LFPM AIRFLOW ; --            ; --          ; --         ;
; SEED                          ; 3213867768                            ; 1             ; --          ; --         ;
; SMART_RECOMPILE               ; On                                    ; Off           ; --          ; --         ;
; TOP_LEVEL_ENTITY              ; toplevel                              ; vic20         ; --          ; --         ;
+-------------------------------+---------------------------------------+---------------+-------------+------------+


+----------------------------------------+
; Flow Elapsed Time                      ;
+-------------------------+--------------+
; Module Name             ; Elapsed Time ;
+-------------------------+--------------+
; Analysis & Synthesis    ; 00:00:33     ;
; Fitter                  ; 00:00:19     ;
; Assembler               ; 00:00:12     ;
; Classic Timing Analyzer ; 00:00:01     ;
; Total                   ; 00:01:05     ;
+-------------------------+--------------+


------------
; Flow Log ;
------------
quartus_map --read_settings_files=on --write_settings_files=off vic20 -c vic20
quartus_fit --read_settings_files=off --write_settings_files=off vic20 -c vic20
quartus_asm --read_settings_files=off --write_settings_files=off vic20 -c vic20
quartus_tan --read_settings_files=off --write_settings_files=off vic20 -c vic20 --timing_analysis_only



